2017/09/08 13:54:20 [error] [system.db.CDbCommand] CDbCommand::fetchAll() failed: SQLSTATE[42S02]: Base table or view not found: 1146 Table 'test.tbl_migration' doesn't exist. The SQL statement executed was: SHOW FULL COLUMNS FROM `tbl_migration`.
2017/09/08 13:56:15 [error] [exception.CException] exception 'CException' with message 'm170908_095149_deployDatabase and its behaviors do not have a method or closure named "primaryKey".' in C:\OpenServer\domains\localhost\framework\base\CComponent.php:266
Stack trace:
#0 C:\OpenServer\domains\localhost\protected\migrations\m170908_095149_deployDatabase.php(8): CComponent->__call('primaryKey', Array)
#1 C:\OpenServer\domains\localhost\protected\migrations\m170908_095149_deployDatabase.php(8): m170908_095149_deployDatabase->primaryKey(11)
#2 C:\OpenServer\domains\localhost\framework\cli\commands\MigrateCommand.php(415): m170908_095149_deployDatabase->up()
#3 C:\OpenServer\domains\localhost\framework\cli\commands\MigrateCommand.php(109): MigrateCommand->migrateUp('m170908_095149_...')
#4 [internal function]: MigrateCommand->actionUp(Array)
#5 C:\OpenServer\domains\localhost\framework\console\CConsoleCommand.php(172): ReflectionMethod->invokeArgs(Object(MigrateCommand), Array)
#6 C:\OpenServer\domains\localhost\framework\console\CConsoleCommandRunner.php(71): CConsoleCommand->run(Array)
#7 C:\OpenServer\domains\localhost\framework\console\CConsoleApplication.php(92): CConsoleCommandRunner->run(Array)
#8 C:\OpenServer\domains\localhost\framework\base\CApplication.php(185): CConsoleApplication->processRequest()
#9 C:\OpenServer\domains\localhost\framework\yiic.php(33): CApplication->run()
#10 C:\OpenServer\domains\localhost\protected\yiic.php(7): require_once('C:\OpenServer\d...')
#11 {main}
---
2017/09/08 13:59:28 [error] [exception.CException] exception 'CException' with message 'm170908_095149_deployDatabase and its behaviors do not have a method or closure named "smallInteger".' in C:\OpenServer\domains\localhost\framework\base\CComponent.php:266
Stack trace:
#0 C:\OpenServer\domains\localhost\protected\migrations\m170908_095149_deployDatabase.php(20): CComponent->__call('smallInteger', Array)
#1 C:\OpenServer\domains\localhost\protected\migrations\m170908_095149_deployDatabase.php(20): m170908_095149_deployDatabase->smallInteger(8)
#2 C:\OpenServer\domains\localhost\framework\cli\commands\MigrateCommand.php(415): m170908_095149_deployDatabase->up()
#3 C:\OpenServer\domains\localhost\framework\cli\commands\MigrateCommand.php(109): MigrateCommand->migrateUp('m170908_095149_...')
#4 [internal function]: MigrateCommand->actionUp(Array)
#5 C:\OpenServer\domains\localhost\framework\console\CConsoleCommand.php(172): ReflectionMethod->invokeArgs(Object(MigrateCommand), Array)
#6 C:\OpenServer\domains\localhost\framework\console\CConsoleCommandRunner.php(71): CConsoleCommand->run(Array)
#7 C:\OpenServer\domains\localhost\framework\console\CConsoleApplication.php(92): CConsoleCommandRunner->run(Array)
#8 C:\OpenServer\domains\localhost\framework\base\CApplication.php(185): CConsoleApplication->processRequest()
#9 C:\OpenServer\domains\localhost\framework\yiic.php(33): CApplication->run()
#10 C:\OpenServer\domains\localhost\protected\yiic.php(7): require_once('C:\OpenServer\d...')
#11 {main}
---
2017/09/08 14:00:19 [error] [system.db.CDbCommand] CDbCommand::fetchAll() failed: SQLSTATE[42S02]: Base table or view not found: 1146 Table 'test.tbl_migration' doesn't exist. The SQL statement executed was: SHOW FULL COLUMNS FROM `tbl_migration`.
2017/09/08 14:00:21 [error] [system.db.CDbCommand] CDbCommand::execute() failed: SQLSTATE[42S01]: Base table or view already exists: 1050 Table 'users' already exists. The SQL statement executed was: CREATE TABLE `users` (
	`id` int(11) NOT NULL AUTO_INCREMENT PRIMARY KEY,
	`name` nvarchar(40) NOT NULL,
	`email` nvarchar(40) NOT NULL,
	`activationLink` nvarchar(64) NOT NULL,
	`apiLink` nvarchar(96) NOT NULL,
	`lastVisit` datetime NOT NULL,
	`updatedAt` datetime NOT NULL,
	`registiredAt` datetime NOT NULL
).
2017/09/08 14:00:21 [error] [exception.CDbException] exception 'CDbException' with message 'CDbCommand failed to execute the SQL statement: SQLSTATE[42S01]: Base table or view already exists: 1050 Table 'users' already exists. The SQL statement executed was: CREATE TABLE `users` (
	`id` int(11) NOT NULL AUTO_INCREMENT PRIMARY KEY,
	`name` nvarchar(40) NOT NULL,
	`email` nvarchar(40) NOT NULL,
	`activationLink` nvarchar(64) NOT NULL,
	`apiLink` nvarchar(96) NOT NULL,
	`lastVisit` datetime NOT NULL,
	`updatedAt` datetime NOT NULL,
	`registiredAt` datetime NOT NULL
)' in C:\OpenServer\domains\localhost\framework\db\CDbCommand.php:358
Stack trace:
#0 C:\OpenServer\domains\localhost\framework\db\CDbCommand.php(1352): CDbCommand->execute()
#1 C:\OpenServer\domains\localhost\framework\db\CDbMigration.php(250): CDbCommand->createTable('users', Array, NULL)
#2 C:\OpenServer\domains\localhost\protected\migrations\m170908_095149_deployDatabase.php(18): CDbMigration->createTable('users', Array)
#3 C:\OpenServer\domains\localhost\framework\cli\commands\MigrateCommand.php(415): m170908_095149_deployDatabase->up()
#4 C:\OpenServer\domains\localhost\framework\cli\commands\MigrateCommand.php(109): MigrateCommand->migrateUp('m170908_095149_...')
#5 [internal function]: MigrateCommand->actionUp(Array)
#6 C:\OpenServer\domains\localhost\framework\console\CConsoleCommand.php(172): ReflectionMethod->invokeArgs(Object(MigrateCommand), Array)
#7 C:\OpenServer\domains\localhost\framework\console\CConsoleCommandRunner.php(71): CConsoleCommand->run(Array)
#8 C:\OpenServer\domains\localhost\framework\console\CConsoleApplication.php(92): CConsoleCommandRunner->run(Array)
#9 C:\OpenServer\domains\localhost\framework\base\CApplication.php(185): CConsoleApplication->processRequest()
#10 C:\OpenServer\domains\localhost\framework\yiic.php(33): CApplication->run()
#11 C:\OpenServer\domains\localhost\protected\yiic.php(7): require_once('C:\OpenServer\d...')
#12 {main}
---
2017/09/08 14:01:16 [error] [system.db.CDbCommand] CDbCommand::fetchAll() failed: SQLSTATE[42S02]: Base table or view not found: 1146 Table 'test.tbl_migration' doesn't exist. The SQL statement executed was: SHOW FULL COLUMNS FROM `tbl_migration`.
2017/09/08 14:01:17 [error] [exception.CException] exception 'CException' with message 'm170908_095149_deployDatabase and its behaviors do not have a method or closure named "smallInteger".' in C:\OpenServer\domains\localhost\framework\base\CComponent.php:266
Stack trace:
#0 C:\OpenServer\domains\localhost\protected\migrations\m170908_095149_deployDatabase.php(20): CComponent->__call('smallInteger', Array)
#1 C:\OpenServer\domains\localhost\protected\migrations\m170908_095149_deployDatabase.php(20): m170908_095149_deployDatabase->smallInteger(8)
#2 C:\OpenServer\domains\localhost\framework\cli\commands\MigrateCommand.php(415): m170908_095149_deployDatabase->up()
#3 C:\OpenServer\domains\localhost\framework\cli\commands\MigrateCommand.php(109): MigrateCommand->migrateUp('m170908_095149_...')
#4 [internal function]: MigrateCommand->actionUp(Array)
#5 C:\OpenServer\domains\localhost\framework\console\CConsoleCommand.php(172): ReflectionMethod->invokeArgs(Object(MigrateCommand), Array)
#6 C:\OpenServer\domains\localhost\framework\console\CConsoleCommandRunner.php(71): CConsoleCommand->run(Array)
#7 C:\OpenServer\domains\localhost\framework\console\CConsoleApplication.php(92): CConsoleCommandRunner->run(Array)
#8 C:\OpenServer\domains\localhost\framework\base\CApplication.php(185): CConsoleApplication->processRequest()
#9 C:\OpenServer\domains\localhost\framework\yiic.php(33): CApplication->run()
#10 C:\OpenServer\domains\localhost\protected\yiic.php(7): require_once('C:\OpenServer\d...')
#11 {main}
---
2017/09/08 14:02:48 [error] [system.db.CDbCommand] CDbCommand::fetchAll() failed: SQLSTATE[42S02]: Base table or view not found: 1146 Table 'test.tbl_migration' doesn't exist. The SQL statement executed was: SHOW FULL COLUMNS FROM `tbl_migration`.
2017/09/08 14:18:16 [error] [system.db.CDbCommand] CDbCommand::fetchAll() failed: SQLSTATE[42S02]: Base table or view not found: 1146 Table 'test.tbl_migration' doesn't exist. The SQL statement executed was: SHOW FULL COLUMNS FROM `tbl_migration`.
2017/09/11 02:58:42 [error] [exception.CException] exception 'CException' with message 'Property "ActivationLink." is not defined.' in C:\OpenServer\domains\localhost\demoapp\framework\base\CComponent.php:130
Stack trace:
#0 C:\OpenServer\domains\localhost\demoapp\framework\db\ar\CActiveRecord.php(145): CComponent->__get('')
#1 C:\OpenServer\domains\localhost\demoapp\protected\models\ActivationLink.php(118): CActiveRecord->__get('')
#2 C:\OpenServer\domains\localhost\demoapp\protected\controllers\SiteController.php(140): ActivationLink->sendByEmail()
#3 C:\OpenServer\domains\localhost\demoapp\framework\web\actions\CInlineAction.php(49): SiteController->actionRegister()
#4 C:\OpenServer\domains\localhost\demoapp\framework\web\CController.php(308): CInlineAction->runWithParams(Array)
#5 C:\OpenServer\domains\localhost\demoapp\framework\web\CController.php(286): CController->runAction(Object(CInlineAction))
#6 C:\OpenServer\domains\localhost\demoapp\framework\web\CController.php(265): CController->runActionWithFilters(Object(CInlineAction), Array)
#7 C:\OpenServer\domains\localhost\demoapp\framework\web\CWebApplication.php(282): CController->run('register')
#8 C:\OpenServer\domains\localhost\demoapp\framework\web\CWebApplication.php(141): CWebApplication->runController('site/register')
#9 C:\OpenServer\domains\localhost\demoapp\framework\base\CApplication.php(185): CWebApplication->processRequest()
#10 C:\OpenServer\domains\localhost\demoapp\index.php(13): CApplication->run()
#11 {main}
REQUEST_URI=/index.php?r=site/register
HTTP_REFERER=http://demoapp/index.php?r=site/register
---
2017/09/11 03:02:39 [error] [exception.CException] exception 'CException' with message 'Property "ActivationLink.site" is not defined.' in C:\OpenServer\domains\localhost\demoapp\framework\base\CComponent.php:130
Stack trace:
#0 C:\OpenServer\domains\localhost\demoapp\framework\db\ar\CActiveRecord.php(145): CComponent->__get('site')
#1 C:\OpenServer\domains\localhost\demoapp\protected\models\ActivationLink.php(118): CActiveRecord->__get('site')
#2 C:\OpenServer\domains\localhost\demoapp\protected\controllers\SiteController.php(140): ActivationLink->sendByEmail()
#3 C:\OpenServer\domains\localhost\demoapp\framework\web\actions\CInlineAction.php(49): SiteController->actionRegister()
#4 C:\OpenServer\domains\localhost\demoapp\framework\web\CController.php(308): CInlineAction->runWithParams(Array)
#5 C:\OpenServer\domains\localhost\demoapp\framework\web\CController.php(286): CController->runAction(Object(CInlineAction))
#6 C:\OpenServer\domains\localhost\demoapp\framework\web\CController.php(265): CController->runActionWithFilters(Object(CInlineAction), Array)
#7 C:\OpenServer\domains\localhost\demoapp\framework\web\CWebApplication.php(282): CController->run('register')
#8 C:\OpenServer\domains\localhost\demoapp\framework\web\CWebApplication.php(141): CWebApplication->runController('site/register')
#9 C:\OpenServer\domains\localhost\demoapp\framework\base\CApplication.php(185): CWebApplication->processRequest()
#10 C:\OpenServer\domains\localhost\demoapp\index.php(13): CApplication->run()
#11 {main}
REQUEST_URI=/index.php?r=site/register
HTTP_REFERER=http://demoapp/index.php?r=site/register
---
2017/09/11 04:09:58 [error] [exception.CException] exception 'CException' with message 'ActivationLink and its behaviors do not have a method or closure named "attributes".' in C:\OpenServer\domains\localhost\demoapp\framework\base\CComponent.php:266
Stack trace:
#0 C:\OpenServer\domains\localhost\demoapp\framework\db\ar\CActiveRecord.php(229): CComponent->__call('attributes', Array)
#1 C:\OpenServer\domains\localhost\demoapp\protected\controllers\SiteController.php(136): CActiveRecord->__call('attributes', Array)
#2 C:\OpenServer\domains\localhost\demoapp\protected\controllers\SiteController.php(136): ActivationLink->attributes(Array, false)
#3 C:\OpenServer\domains\localhost\demoapp\framework\web\actions\CInlineAction.php(49): SiteController->actionRegister()
#4 C:\OpenServer\domains\localhost\demoapp\framework\web\CController.php(308): CInlineAction->runWithParams(Array)
#5 C:\OpenServer\domains\localhost\demoapp\framework\web\CController.php(286): CController->runAction(Object(CInlineAction))
#6 C:\OpenServer\domains\localhost\demoapp\framework\web\CController.php(265): CController->runActionWithFilters(Object(CInlineAction), Array)
#7 C:\OpenServer\domains\localhost\demoapp\framework\web\CWebApplication.php(282): CController->run('register')
#8 C:\OpenServer\domains\localhost\demoapp\framework\web\CWebApplication.php(141): CWebApplication->runController('site/register')
#9 C:\OpenServer\domains\localhost\demoapp\framework\base\CApplication.php(185): CWebApplication->processRequest()
#10 C:\OpenServer\domains\localhost\demoapp\index.php(13): CApplication->run()
#11 {main}
REQUEST_URI=/index.php?r=site/register
HTTP_REFERER=http://demoapp/index.php?r=site/register
---
2017/09/11 04:20:06 [error] [php] Cannot modify header information - headers already sent by (output started at C:\OpenServer\domains\localhost\demoapp\protected\controllers\SiteController.php:135) (C:\OpenServer\domains\localhost\demoapp\framework\web\CHttpRequest.php:889)
Stack trace:
#0 C:\OpenServer\domains\localhost\demoapp\protected\controllers\SiteController.php(148): SiteController->redirect()
#1 C:\OpenServer\domains\localhost\demoapp\framework\web\actions\CInlineAction.php(49): SiteController->actionRegister()
#2 C:\OpenServer\domains\localhost\demoapp\framework\web\CController.php(308): CInlineAction->runWithParams()
#3 C:\OpenServer\domains\localhost\demoapp\framework\web\CController.php(286): SiteController->runAction()
#4 C:\OpenServer\domains\localhost\demoapp\framework\web\CController.php(265): SiteController->runActionWithFilters()
#5 C:\OpenServer\domains\localhost\demoapp\framework\web\CWebApplication.php(282): SiteController->run()
#6 C:\OpenServer\domains\localhost\demoapp\framework\web\CWebApplication.php(141): CWebApplication->runController()
#7 C:\OpenServer\domains\localhost\demoapp\framework\base\CApplication.php(185): CWebApplication->processRequest()
#8 C:\OpenServer\domains\localhost\demoapp\index.php(13): CWebApplication->run()
REQUEST_URI=/index.php?r=site/register
in C:\OpenServer\domains\localhost\demoapp\protected\controllers\SiteController.php (148)
in C:\OpenServer\domains\localhost\demoapp\index.php (13)
2017/09/11 04:30:06 [warning] [application] Failed to set unsafe attribute "r" of "LoginModel".
in C:\OpenServer\domains\localhost\demoapp\protected\controllers\SiteController.php (92)
in C:\OpenServer\domains\localhost\demoapp\index.php (13)
2017/09/11 04:30:06 [error] [exception.CException] exception 'CException' with message 'Property "LoginModel.rememberMe" is not defined.' in C:\OpenServer\domains\localhost\demoapp\framework\base\CComponent.php:130
Stack trace:
#0 C:\OpenServer\domains\localhost\demoapp\framework\validators\CBooleanValidator.php(56): CComponent->__get('rememberMe')
#1 C:\OpenServer\domains\localhost\demoapp\framework\validators\CValidator.php(201): CBooleanValidator->validateAttribute(Object(LoginModel), 'rememberMe')
#2 C:\OpenServer\domains\localhost\demoapp\framework\base\CModel.php(159): CValidator->validate(Object(LoginModel), NULL)
#3 C:\OpenServer\domains\localhost\demoapp\protected\controllers\SiteController.php(94): CModel->validate()
#4 C:\OpenServer\domains\localhost\demoapp\framework\web\actions\CInlineAction.php(49): SiteController->actionLogin()
#5 C:\OpenServer\domains\localhost\demoapp\framework\web\CController.php(308): CInlineAction->runWithParams(Array)
#6 C:\OpenServer\domains\localhost\demoapp\framework\web\CController.php(286): CController->runAction(Object(CInlineAction))
#7 C:\OpenServer\domains\localhost\demoapp\framework\web\CController.php(265): CController->runActionWithFilters(Object(CInlineAction), Array)
#8 C:\OpenServer\domains\localhost\demoapp\framework\web\CWebApplication.php(282): CController->run('login')
#9 C:\OpenServer\domains\localhost\demoapp\framework\web\CWebApplication.php(141): CWebApplication->runController('site/login')
#10 C:\OpenServer\domains\localhost\demoapp\framework\base\CApplication.php(185): CWebApplication->processRequest()
#11 C:\OpenServer\domains\localhost\demoapp\index.php(13): CApplication->run()
#12 {main}
REQUEST_URI=/index.php?r=site/login&hashString=$2y$13$QbFkMVuXNoOeDyS3sd20keEvuclNZd/gBBXQeJHtBTdPxYmkIs396$2y$13$S5L8uu8T2YNLw9T3S2RUBeSkTs1R4GRQdYE9.sUn91ccB5bPEFcvS&email=azat.kabirov89@yandex.ru
---
2017/09/11 04:30:26 [warning] [application] Failed to set unsafe attribute "r" of "LoginModel".
in C:\OpenServer\domains\localhost\demoapp\protected\controllers\SiteController.php (92)
in C:\OpenServer\domains\localhost\demoapp\index.php (13)
2017/09/11 04:30:26 [error] [exception.CException] exception 'CException' with message 'Property "UserIdentity.email" is not defined.' in C:\OpenServer\domains\localhost\demoapp\framework\base\CComponent.php:130
Stack trace:
#0 C:\OpenServer\domains\localhost\demoapp\protected\components\UserIdentity.php(39): CComponent->__get('email')
#1 C:\OpenServer\domains\localhost\demoapp\protected\models\LoginModel.php(66): UserIdentity->authenticate()
#2 C:\OpenServer\domains\localhost\demoapp\protected\controllers\SiteController.php(94): LoginModel->login()
#3 C:\OpenServer\domains\localhost\demoapp\framework\web\actions\CInlineAction.php(49): SiteController->actionLogin()
#4 C:\OpenServer\domains\localhost\demoapp\framework\web\CController.php(308): CInlineAction->runWithParams(Array)
#5 C:\OpenServer\domains\localhost\demoapp\framework\web\CController.php(286): CController->runAction(Object(CInlineAction))
#6 C:\OpenServer\domains\localhost\demoapp\framework\web\CController.php(265): CController->runActionWithFilters(Object(CInlineAction), Array)
#7 C:\OpenServer\domains\localhost\demoapp\framework\web\CWebApplication.php(282): CController->run('login')
#8 C:\OpenServer\domains\localhost\demoapp\framework\web\CWebApplication.php(141): CWebApplication->runController('site/login')
#9 C:\OpenServer\domains\localhost\demoapp\framework\base\CApplication.php(185): CWebApplication->processRequest()
#10 C:\OpenServer\domains\localhost\demoapp\index.php(13): CApplication->run()
#11 {main}
REQUEST_URI=/index.php?r=site/login&hashString=$2y$13$QbFkMVuXNoOeDyS3sd20keEvuclNZd/gBBXQeJHtBTdPxYmkIs396$2y$13$S5L8uu8T2YNLw9T3S2RUBeSkTs1R4GRQdYE9.sUn91ccB5bPEFcvS&email=azat.kabirov89@yandex.ru
---
2017/09/11 04:35:58 [warning] [application] Failed to set unsafe attribute "r" of "LoginModel".
in C:\OpenServer\domains\localhost\demoapp\protected\controllers\SiteController.php (92)
in C:\OpenServer\domains\localhost\demoapp\index.php (13)
2017/09/11 04:44:41 [warning] [application] Failed to set unsafe attribute "r" of "LoginModel".
in C:\OpenServer\domains\localhost\demoapp\protected\controllers\SiteController.php (92)
in C:\OpenServer\domains\localhost\demoapp\index.php (13)
2017/09/11 04:46:08 [warning] [application] Failed to set unsafe attribute "r" of "LoginModel".
in C:\OpenServer\domains\localhost\demoapp\protected\controllers\SiteController.php (92)
in C:\OpenServer\domains\localhost\demoapp\index.php (13)
2017/09/11 04:46:09 [warning] [application] Failed to set unsafe attribute "r" of "LoginModel".
in C:\OpenServer\domains\localhost\demoapp\protected\controllers\SiteController.php (92)
in C:\OpenServer\domains\localhost\demoapp\index.php (13)
2017/09/11 04:47:33 [warning] [application] Failed to set unsafe attribute "r" of "LoginModel".
in C:\OpenServer\domains\localhost\demoapp\protected\controllers\SiteController.php (92)
in C:\OpenServer\domains\localhost\demoapp\index.php (13)
2017/09/11 04:47:33 [error] [exception.CException] exception 'CException' with message 'Property "UserIdentity.email" is not defined.' in C:\OpenServer\domains\localhost\demoapp\framework\base\CComponent.php:130
Stack trace:
#0 C:\OpenServer\domains\localhost\demoapp\protected\components\UserIdentity.php(38): CComponent->__get('email')
#1 C:\OpenServer\domains\localhost\demoapp\protected\models\LoginModel.php(50): UserIdentity->authenticate()
#2 C:\OpenServer\domains\localhost\demoapp\protected\controllers\SiteController.php(94): LoginModel->login()
#3 C:\OpenServer\domains\localhost\demoapp\framework\web\actions\CInlineAction.php(49): SiteController->actionLogin()
#4 C:\OpenServer\domains\localhost\demoapp\framework\web\CController.php(308): CInlineAction->runWithParams(Array)
#5 C:\OpenServer\domains\localhost\demoapp\framework\web\CController.php(286): CController->runAction(Object(CInlineAction))
#6 C:\OpenServer\domains\localhost\demoapp\framework\web\CController.php(265): CController->runActionWithFilters(Object(CInlineAction), Array)
#7 C:\OpenServer\domains\localhost\demoapp\framework\web\CWebApplication.php(282): CController->run('login')
#8 C:\OpenServer\domains\localhost\demoapp\framework\web\CWebApplication.php(141): CWebApplication->runController('site/login')
#9 C:\OpenServer\domains\localhost\demoapp\framework\base\CApplication.php(185): CWebApplication->processRequest()
#10 C:\OpenServer\domains\localhost\demoapp\index.php(13): CApplication->run()
#11 {main}
REQUEST_URI=/index.php?r=site/login&hashString=$2y$13$QbFkMVuXNoOeDyS3sd20keEvuclNZd/gBBXQeJHtBTdPxYmkIs396$2y$13$S5L8uu8T2YNLw9T3S2RUBeSkTs1R4GRQdYE9.sUn91ccB5bPEFcvS&email=azat.kabirov89@yandex.ru
---
2017/09/11 04:48:57 [warning] [application] Failed to set unsafe attribute "r" of "LoginModel".
in C:\OpenServer\domains\localhost\demoapp\protected\controllers\SiteController.php (92)
in C:\OpenServer\domains\localhost\demoapp\index.php (13)
2017/09/11 04:49:21 [warning] [application] Failed to set unsafe attribute "r" of "LoginModel".
in C:\OpenServer\domains\localhost\demoapp\protected\controllers\SiteController.php (92)
in C:\OpenServer\domains\localhost\demoapp\index.php (13)
2017/09/11 04:49:21 [error] [php] Missing argument 1 for CUserIdentity::__construct(), called in C:\OpenServer\domains\localhost\demoapp\protected\models\LoginModel.php on line 49 and defined (C:\OpenServer\domains\localhost\demoapp\framework\web\auth\CUserIdentity.php:43)
Stack trace:
#0 C:\OpenServer\domains\localhost\demoapp\framework\web\actions\CInlineAction.php(49): SiteController->actionLogin()
#1 C:\OpenServer\domains\localhost\demoapp\framework\web\CController.php(308): CInlineAction->runWithParams()
#2 C:\OpenServer\domains\localhost\demoapp\framework\web\CController.php(286): SiteController->runAction()
#3 C:\OpenServer\domains\localhost\demoapp\framework\web\CController.php(265): SiteController->runActionWithFilters()
#4 C:\OpenServer\domains\localhost\demoapp\framework\web\CWebApplication.php(282): SiteController->run()
#5 C:\OpenServer\domains\localhost\demoapp\framework\web\CWebApplication.php(141): CWebApplication->runController()
#6 C:\OpenServer\domains\localhost\demoapp\framework\base\CApplication.php(185): CWebApplication->processRequest()
#7 C:\OpenServer\domains\localhost\demoapp\index.php(13): CWebApplication->run()
REQUEST_URI=/index.php?r=site/login&hashString=$2y$13$QbFkMVuXNoOeDyS3sd20keEvuclNZd/gBBXQeJHtBTdPxYmkIs396$2y$13$S5L8uu8T2YNLw9T3S2RUBeSkTs1R4GRQdYE9.sUn91ccB5bPEFcvS&email=azat.kabirov89@yandex.ru
in C:\OpenServer\domains\localhost\demoapp\protected\models\LoginModel.php (49)
in C:\OpenServer\domains\localhost\demoapp\protected\controllers\SiteController.php (94)
in C:\OpenServer\domains\localhost\demoapp\index.php (13)
2017/09/11 04:49:33 [warning] [application] Failed to set unsafe attribute "r" of "LoginModel".
in C:\OpenServer\domains\localhost\demoapp\protected\controllers\SiteController.php (92)
in C:\OpenServer\domains\localhost\demoapp\index.php (13)
2017/09/11 04:49:33 [error] [php] Missing argument 1 for CUserIdentity::__construct(), called in C:\OpenServer\domains\localhost\demoapp\protected\models\LoginModel.php on line 49 and defined (C:\OpenServer\domains\localhost\demoapp\framework\web\auth\CUserIdentity.php:43)
Stack trace:
#0 C:\OpenServer\domains\localhost\demoapp\framework\web\actions\CInlineAction.php(49): SiteController->actionLogin()
#1 C:\OpenServer\domains\localhost\demoapp\framework\web\CController.php(308): CInlineAction->runWithParams()
#2 C:\OpenServer\domains\localhost\demoapp\framework\web\CController.php(286): SiteController->runAction()
#3 C:\OpenServer\domains\localhost\demoapp\framework\web\CController.php(265): SiteController->runActionWithFilters()
#4 C:\OpenServer\domains\localhost\demoapp\framework\web\CWebApplication.php(282): SiteController->run()
#5 C:\OpenServer\domains\localhost\demoapp\framework\web\CWebApplication.php(141): CWebApplication->runController()
#6 C:\OpenServer\domains\localhost\demoapp\framework\base\CApplication.php(185): CWebApplication->processRequest()
#7 C:\OpenServer\domains\localhost\demoapp\index.php(13): CWebApplication->run()
REQUEST_URI=/index.php?r=site/login&hashString=$2y$13$QbFkMVuXNoOeDyS3sd20keEvuclNZd/gBBXQeJHtBTdPxYmkIs396$2y$13$S5L8uu8T2YNLw9T3S2RUBeSkTs1R4GRQdYE9.sUn91ccB5bPEFcvS&email=azat.kabirov89@yandex.ru
in C:\OpenServer\domains\localhost\demoapp\protected\models\LoginModel.php (49)
in C:\OpenServer\domains\localhost\demoapp\protected\controllers\SiteController.php (94)
in C:\OpenServer\domains\localhost\demoapp\index.php (13)
2017/09/11 04:49:34 [warning] [application] Failed to set unsafe attribute "r" of "LoginModel".
in C:\OpenServer\domains\localhost\demoapp\protected\controllers\SiteController.php (92)
in C:\OpenServer\domains\localhost\demoapp\index.php (13)
2017/09/11 04:49:34 [error] [php] Missing argument 1 for CUserIdentity::__construct(), called in C:\OpenServer\domains\localhost\demoapp\protected\models\LoginModel.php on line 49 and defined (C:\OpenServer\domains\localhost\demoapp\framework\web\auth\CUserIdentity.php:43)
Stack trace:
#0 C:\OpenServer\domains\localhost\demoapp\framework\web\actions\CInlineAction.php(49): SiteController->actionLogin()
#1 C:\OpenServer\domains\localhost\demoapp\framework\web\CController.php(308): CInlineAction->runWithParams()
#2 C:\OpenServer\domains\localhost\demoapp\framework\web\CController.php(286): SiteController->runAction()
#3 C:\OpenServer\domains\localhost\demoapp\framework\web\CController.php(265): SiteController->runActionWithFilters()
#4 C:\OpenServer\domains\localhost\demoapp\framework\web\CWebApplication.php(282): SiteController->run()
#5 C:\OpenServer\domains\localhost\demoapp\framework\web\CWebApplication.php(141): CWebApplication->runController()
#6 C:\OpenServer\domains\localhost\demoapp\framework\base\CApplication.php(185): CWebApplication->processRequest()
#7 C:\OpenServer\domains\localhost\demoapp\index.php(13): CWebApplication->run()
REQUEST_URI=/index.php?r=site/login&hashString=$2y$13$QbFkMVuXNoOeDyS3sd20keEvuclNZd/gBBXQeJHtBTdPxYmkIs396$2y$13$S5L8uu8T2YNLw9T3S2RUBeSkTs1R4GRQdYE9.sUn91ccB5bPEFcvS&email=azat.kabirov89@yandex.ru
in C:\OpenServer\domains\localhost\demoapp\protected\models\LoginModel.php (49)
in C:\OpenServer\domains\localhost\demoapp\protected\controllers\SiteController.php (94)
in C:\OpenServer\domains\localhost\demoapp\index.php (13)
2017/09/11 04:49:52 [warning] [application] Failed to set unsafe attribute "r" of "LoginModel".
in C:\OpenServer\domains\localhost\demoapp\protected\controllers\SiteController.php (92)
in C:\OpenServer\domains\localhost\demoapp\index.php (13)
2017/09/11 04:50:34 [warning] [application] Failed to set unsafe attribute "r" of "LoginModel".
in C:\OpenServer\domains\localhost\demoapp\protected\controllers\SiteController.php (92)
in C:\OpenServer\domains\localhost\demoapp\index.php (13)
2017/09/11 04:51:00 [warning] [application] Failed to set unsafe attribute "r" of "LoginModel".
in C:\OpenServer\domains\localhost\demoapp\protected\controllers\SiteController.php (92)
in C:\OpenServer\domains\localhost\demoapp\index.php (13)
2017/09/11 04:51:01 [error] [exception.CException] exception 'CException' with message 'Property "Users.createdAt" is not defined.' in C:\OpenServer\domains\localhost\demoapp\framework\base\CComponent.php:130
Stack trace:
#0 C:\OpenServer\domains\localhost\demoapp\framework\db\ar\CActiveRecord.php(145): CComponent->__get('createdAt')
#1 C:\OpenServer\domains\localhost\demoapp\protected\models\Users.php(98): CActiveRecord->__get('createdAt')
#2 C:\OpenServer\domains\localhost\demoapp\protected\models\Users.php(85): Users->generateApiLink()
#3 C:\OpenServer\domains\localhost\demoapp\protected\components\UserIdentity.php(63): Users->createNewUser('azat.kabirov89@...')
#4 C:\OpenServer\domains\localhost\demoapp\protected\models\LoginModel.php(53): UserIdentity->authenticate()
#5 C:\OpenServer\domains\localhost\demoapp\protected\controllers\SiteController.php(94): LoginModel->login()
#6 C:\OpenServer\domains\localhost\demoapp\framework\web\actions\CInlineAction.php(49): SiteController->actionLogin()
#7 C:\OpenServer\domains\localhost\demoapp\framework\web\CController.php(308): CInlineAction->runWithParams(Array)
#8 C:\OpenServer\domains\localhost\demoapp\framework\web\CController.php(286): CController->runAction(Object(CInlineAction))
#9 C:\OpenServer\domains\localhost\demoapp\framework\web\CController.php(265): CController->runActionWithFilters(Object(CInlineAction), Array)
#10 C:\OpenServer\domains\localhost\demoapp\framework\web\CWebApplication.php(282): CController->run('login')
#11 C:\OpenServer\domains\localhost\demoapp\framework\web\CWebApplication.php(141): CWebApplication->runController('site/login')
#12 C:\OpenServer\domains\localhost\demoapp\framework\base\CApplication.php(185): CWebApplication->processRequest()
#13 C:\OpenServer\domains\localhost\demoapp\index.php(13): CApplication->run()
#14 {main}
REQUEST_URI=/index.php?r=site/login&hashString=$2y$13$QbFkMVuXNoOeDyS3sd20keEvuclNZd/gBBXQeJHtBTdPxYmkIs396$2y$13$S5L8uu8T2YNLw9T3S2RUBeSkTs1R4GRQdYE9.sUn91ccB5bPEFcvS&email=azat.kabirov89@yandex.ru
---
2017/09/11 04:51:26 [warning] [application] Failed to set unsafe attribute "r" of "LoginModel".
in C:\OpenServer\domains\localhost\demoapp\protected\controllers\SiteController.php (92)
in C:\OpenServer\domains\localhost\demoapp\index.php (13)
2017/09/11 04:51:28 [error] [php] session_regenerate_id() [<a href='function.session-regenerate-id'>function.session-regenerate-id</a>]: Cannot regenerate session id - headers already sent (C:\OpenServer\domains\localhost\demoapp\framework\web\CHttpSession.php:184)
Stack trace:
#0 C:\OpenServer\domains\localhost\demoapp\framework\web\auth\CWebUser.php(235): CWebUser->changeIdentity()
#1 C:\OpenServer\domains\localhost\demoapp\protected\models\LoginModel.php(58): CWebUser->login()
#2 C:\OpenServer\domains\localhost\demoapp\protected\controllers\SiteController.php(94): LoginModel->login()
#3 C:\OpenServer\domains\localhost\demoapp\framework\web\actions\CInlineAction.php(49): SiteController->actionLogin()
#4 C:\OpenServer\domains\localhost\demoapp\framework\web\CController.php(308): CInlineAction->runWithParams()
#5 C:\OpenServer\domains\localhost\demoapp\framework\web\CController.php(286): SiteController->runAction()
#6 C:\OpenServer\domains\localhost\demoapp\framework\web\CController.php(265): SiteController->runActionWithFilters()
#7 C:\OpenServer\domains\localhost\demoapp\framework\web\CWebApplication.php(282): SiteController->run()
#8 C:\OpenServer\domains\localhost\demoapp\framework\web\CWebApplication.php(141): CWebApplication->runController()
#9 C:\OpenServer\domains\localhost\demoapp\framework\base\CApplication.php(185): CWebApplication->processRequest()
#10 C:\OpenServer\domains\localhost\demoapp\index.php(13): CWebApplication->run()
REQUEST_URI=/index.php?r=site/login&hashString=$2y$13$QbFkMVuXNoOeDyS3sd20keEvuclNZd/gBBXQeJHtBTdPxYmkIs396$2y$13$S5L8uu8T2YNLw9T3S2RUBeSkTs1R4GRQdYE9.sUn91ccB5bPEFcvS&email=azat.kabirov89@yandex.ru
in C:\OpenServer\domains\localhost\demoapp\protected\models\LoginModel.php (58)
in C:\OpenServer\domains\localhost\demoapp\protected\controllers\SiteController.php (94)
in C:\OpenServer\domains\localhost\demoapp\index.php (13)
2017/09/11 04:52:06 [warning] [application] Failed to set unsafe attribute "r" of "LoginModel".
in C:\OpenServer\domains\localhost\demoapp\protected\controllers\SiteController.php (92)
in C:\OpenServer\domains\localhost\demoapp\index.php (13)
2017/09/11 04:52:52 [warning] [application] Failed to set unsafe attribute "r" of "LoginModel".
in C:\OpenServer\domains\localhost\demoapp\protected\controllers\SiteController.php (92)
in C:\OpenServer\domains\localhost\demoapp\index.php (13)
2017/09/11 04:54:21 [warning] [application] Failed to set unsafe attribute "r" of "LoginModel".
in C:\OpenServer\domains\localhost\demoapp\protected\controllers\SiteController.php (92)
in C:\OpenServer\domains\localhost\demoapp\index.php (13)
2017/09/11 04:54:52 [warning] [application] Failed to set unsafe attribute "r" of "LoginModel".
in C:\OpenServer\domains\localhost\demoapp\protected\controllers\SiteController.php (92)
in C:\OpenServer\domains\localhost\demoapp\index.php (13)
2017/09/11 04:54:52 [error] [php] Cannot modify header information - headers already sent by (output started at C:\OpenServer\domains\localhost\demoapp\protected\controllers\SiteController.php:95) (C:\OpenServer\domains\localhost\demoapp\framework\web\CHttpRequest.php:889)
Stack trace:
#0 C:\OpenServer\domains\localhost\demoapp\protected\controllers\SiteController.php(100): SiteController->redirect()
#1 C:\OpenServer\domains\localhost\demoapp\framework\web\actions\CInlineAction.php(49): SiteController->actionLogin()
#2 C:\OpenServer\domains\localhost\demoapp\framework\web\CController.php(308): CInlineAction->runWithParams()
#3 C:\OpenServer\domains\localhost\demoapp\framework\web\CController.php(286): SiteController->runAction()
#4 C:\OpenServer\domains\localhost\demoapp\framework\web\CController.php(265): SiteController->runActionWithFilters()
#5 C:\OpenServer\domains\localhost\demoapp\framework\web\CWebApplication.php(282): SiteController->run()
#6 C:\OpenServer\domains\localhost\demoapp\framework\web\CWebApplication.php(141): CWebApplication->runController()
#7 C:\OpenServer\domains\localhost\demoapp\framework\base\CApplication.php(185): CWebApplication->processRequest()
#8 C:\OpenServer\domains\localhost\demoapp\index.php(13): CWebApplication->run()
REQUEST_URI=/index.php?r=site/login&hashString=$2y$13$QbFkMVuXNoOeDyS3sd20keEvuclNZd/gBBXQeJHtBTdPxYmkIs396$2y$13$S5L8uu8T2YNLw9T3S2RUBeSkTs1R4GRQdYE9.sUn91ccB5bPEFcvS&email=azat.kabirov89@yandex.ru
in C:\OpenServer\domains\localhost\demoapp\protected\controllers\SiteController.php (100)
in C:\OpenServer\domains\localhost\demoapp\index.php (13)
2017/09/11 04:57:11 [warning] [application] Failed to set unsafe attribute "r" of "LoginModel".
in C:\OpenServer\domains\localhost\demoapp\protected\controllers\SiteController.php (92)
in C:\OpenServer\domains\localhost\demoapp\index.php (13)
2017/09/11 04:59:29 [warning] [application] Failed to set unsafe attribute "r" of "LoginModel".
in C:\OpenServer\domains\localhost\demoapp\protected\controllers\SiteController.php (92)
in C:\OpenServer\domains\localhost\demoapp\index.php (13)
2017/09/11 05:00:08 [warning] [application] Failed to set unsafe attribute "r" of "LoginModel".
in C:\OpenServer\domains\localhost\demoapp\protected\controllers\SiteController.php (92)
in C:\OpenServer\domains\localhost\demoapp\index.php (13)
2017/09/11 05:00:10 [error] [php] Cannot modify header information - headers already sent by (output started at C:\OpenServer\domains\localhost\demoapp\protected\controllers\SiteController.php:95) (C:\OpenServer\domains\localhost\demoapp\framework\web\CHttpRequest.php:889)
Stack trace:
#0 C:\OpenServer\domains\localhost\demoapp\protected\controllers\SiteController.php(100): SiteController->redirect()
#1 C:\OpenServer\domains\localhost\demoapp\framework\web\actions\CInlineAction.php(49): SiteController->actionLogin()
#2 C:\OpenServer\domains\localhost\demoapp\framework\web\CController.php(308): CInlineAction->runWithParams()
#3 C:\OpenServer\domains\localhost\demoapp\framework\web\CController.php(286): SiteController->runAction()
#4 C:\OpenServer\domains\localhost\demoapp\framework\web\CController.php(265): SiteController->runActionWithFilters()
#5 C:\OpenServer\domains\localhost\demoapp\framework\web\CWebApplication.php(282): SiteController->run()
#6 C:\OpenServer\domains\localhost\demoapp\framework\web\CWebApplication.php(141): CWebApplication->runController()
#7 C:\OpenServer\domains\localhost\demoapp\framework\base\CApplication.php(185): CWebApplication->processRequest()
#8 C:\OpenServer\domains\localhost\demoapp\index.php(13): CWebApplication->run()
REQUEST_URI=/index.php?r=site/login&hashString=$2y$13$nUvKzoYePI7ln4s4WPRSdOmkAEM5iZ9i7HoEBOgbxrgxl8ETdH0OG$2y$13$zAi5FMo3EEMy.U7wkxJG2uusTOOGTRfLjF0jzPoTDnGt2SY/sBgTW&email=azat.kabirov89@yandex.ru
in C:\OpenServer\domains\localhost\demoapp\protected\controllers\SiteController.php (100)
in C:\OpenServer\domains\localhost\demoapp\index.php (13)
2017/09/11 05:00:52 [warning] [application] Failed to set unsafe attribute "r" of "LoginModel".
in C:\OpenServer\domains\localhost\demoapp\protected\controllers\SiteController.php (92)
in C:\OpenServer\domains\localhost\demoapp\index.php (13)
2017/09/11 05:00:54 [error] [php] Cannot modify header information - headers already sent by (output started at C:\OpenServer\domains\localhost\demoapp\protected\controllers\SiteController.php:95) (C:\OpenServer\domains\localhost\demoapp\framework\web\CHttpRequest.php:889)
Stack trace:
#0 C:\OpenServer\domains\localhost\demoapp\protected\controllers\SiteController.php(100): SiteController->redirect()
#1 C:\OpenServer\domains\localhost\demoapp\framework\web\actions\CInlineAction.php(49): SiteController->actionLogin()
#2 C:\OpenServer\domains\localhost\demoapp\framework\web\CController.php(308): CInlineAction->runWithParams()
#3 C:\OpenServer\domains\localhost\demoapp\framework\web\CController.php(286): SiteController->runAction()
#4 C:\OpenServer\domains\localhost\demoapp\framework\web\CController.php(265): SiteController->runActionWithFilters()
#5 C:\OpenServer\domains\localhost\demoapp\framework\web\CWebApplication.php(282): SiteController->run()
#6 C:\OpenServer\domains\localhost\demoapp\framework\web\CWebApplication.php(141): CWebApplication->runController()
#7 C:\OpenServer\domains\localhost\demoapp\framework\base\CApplication.php(185): CWebApplication->processRequest()
#8 C:\OpenServer\domains\localhost\demoapp\index.php(13): CWebApplication->run()
REQUEST_URI=/index.php?r=site/login&hashString=$2y$13$nUvKzoYePI7ln4s4WPRSdOmkAEM5iZ9i7HoEBOgbxrgxl8ETdH0OG$2y$13$zAi5FMo3EEMy.U7wkxJG2uusTOOGTRfLjF0jzPoTDnGt2SY/sBgTW&email=azat.kabirov89@yandex.ru
in C:\OpenServer\domains\localhost\demoapp\protected\controllers\SiteController.php (100)
in C:\OpenServer\domains\localhost\demoapp\index.php (13)
2017/09/11 05:01:55 [warning] [application] Failed to set unsafe attribute "r" of "LoginModel".
in C:\OpenServer\domains\localhost\demoapp\protected\controllers\SiteController.php (92)
in C:\OpenServer\domains\localhost\demoapp\index.php (13)
2017/09/11 05:01:57 [error] [php] session_regenerate_id() [<a href='function.session-regenerate-id'>function.session-regenerate-id</a>]: Cannot regenerate session id - headers already sent (C:\OpenServer\domains\localhost\demoapp\framework\web\CHttpSession.php:184)
Stack trace:
#0 C:\OpenServer\domains\localhost\demoapp\framework\web\auth\CWebUser.php(235): CWebUser->changeIdentity()
#1 C:\OpenServer\domains\localhost\demoapp\protected\models\LoginModel.php(58): CWebUser->login()
#2 C:\OpenServer\domains\localhost\demoapp\protected\controllers\SiteController.php(95): LoginModel->login()
#3 C:\OpenServer\domains\localhost\demoapp\framework\web\actions\CInlineAction.php(49): SiteController->actionLogin()
#4 C:\OpenServer\domains\localhost\demoapp\framework\web\CController.php(308): CInlineAction->runWithParams()
#5 C:\OpenServer\domains\localhost\demoapp\framework\web\CController.php(286): SiteController->runAction()
#6 C:\OpenServer\domains\localhost\demoapp\framework\web\CController.php(265): SiteController->runActionWithFilters()
#7 C:\OpenServer\domains\localhost\demoapp\framework\web\CWebApplication.php(282): SiteController->run()
#8 C:\OpenServer\domains\localhost\demoapp\framework\web\CWebApplication.php(141): CWebApplication->runController()
#9 C:\OpenServer\domains\localhost\demoapp\framework\base\CApplication.php(185): CWebApplication->processRequest()
#10 C:\OpenServer\domains\localhost\demoapp\index.php(13): CWebApplication->run()
REQUEST_URI=/index.php?r=site/login&hashString=$2y$13$nUvKzoYePI7ln4s4WPRSdOmkAEM5iZ9i7HoEBOgbxrgxl8ETdH0OG$2y$13$zAi5FMo3EEMy.U7wkxJG2uusTOOGTRfLjF0jzPoTDnGt2SY/sBgTW&email=azat.kabirov89@yandex.ru
in C:\OpenServer\domains\localhost\demoapp\protected\models\LoginModel.php (58)
in C:\OpenServer\domains\localhost\demoapp\protected\controllers\SiteController.php (95)
in C:\OpenServer\domains\localhost\demoapp\index.php (13)
2017/09/11 05:02:47 [warning] [application] Failed to set unsafe attribute "r" of "LoginModel".
in C:\OpenServer\domains\localhost\demoapp\protected\controllers\SiteController.php (92)
in C:\OpenServer\domains\localhost\demoapp\index.php (13)
2017/09/11 05:02:49 [error] [php] session_regenerate_id() [<a href='function.session-regenerate-id'>function.session-regenerate-id</a>]: Cannot regenerate session id - headers already sent (C:\OpenServer\domains\localhost\demoapp\framework\web\CHttpSession.php:184)
Stack trace:
#0 C:\OpenServer\domains\localhost\demoapp\framework\web\auth\CWebUser.php(235): CWebUser->changeIdentity()
#1 C:\OpenServer\domains\localhost\demoapp\protected\models\LoginModel.php(58): CWebUser->login()
#2 C:\OpenServer\domains\localhost\demoapp\protected\controllers\SiteController.php(95): LoginModel->login()
#3 C:\OpenServer\domains\localhost\demoapp\framework\web\actions\CInlineAction.php(49): SiteController->actionLogin()
#4 C:\OpenServer\domains\localhost\demoapp\framework\web\CController.php(308): CInlineAction->runWithParams()
#5 C:\OpenServer\domains\localhost\demoapp\framework\web\CController.php(286): SiteController->runAction()
#6 C:\OpenServer\domains\localhost\demoapp\framework\web\CController.php(265): SiteController->runActionWithFilters()
#7 C:\OpenServer\domains\localhost\demoapp\framework\web\CWebApplication.php(282): SiteController->run()
#8 C:\OpenServer\domains\localhost\demoapp\framework\web\CWebApplication.php(141): CWebApplication->runController()
#9 C:\OpenServer\domains\localhost\demoapp\framework\base\CApplication.php(185): CWebApplication->processRequest()
#10 C:\OpenServer\domains\localhost\demoapp\index.php(13): CWebApplication->run()
REQUEST_URI=/index.php?r=site/login&hashString=$2y$13$nUvKzoYePI7ln4s4WPRSdOmkAEM5iZ9i7HoEBOgbxrgxl8ETdH0OG$2y$13$zAi5FMo3EEMy.U7wkxJG2uusTOOGTRfLjF0jzPoTDnGt2SY/sBgTW&email=azat.kabirov89@yandex.ru
in C:\OpenServer\domains\localhost\demoapp\protected\models\LoginModel.php (58)
in C:\OpenServer\domains\localhost\demoapp\protected\controllers\SiteController.php (95)
in C:\OpenServer\domains\localhost\demoapp\index.php (13)
2017/09/11 05:05:55 [warning] [application] Failed to set unsafe attribute "r" of "LoginModel".
in C:\OpenServer\domains\localhost\demoapp\protected\controllers\SiteController.php (92)
in C:\OpenServer\domains\localhost\demoapp\index.php (13)
2017/09/11 05:05:56 [error] [php] session_regenerate_id() [<a href='function.session-regenerate-id'>function.session-regenerate-id</a>]: Cannot regenerate session id - headers already sent (C:\OpenServer\domains\localhost\demoapp\framework\web\CHttpSession.php:184)
Stack trace:
#0 C:\OpenServer\domains\localhost\demoapp\framework\web\auth\CWebUser.php(235): CWebUser->changeIdentity()
#1 C:\OpenServer\domains\localhost\demoapp\protected\models\LoginModel.php(58): CWebUser->login()
#2 C:\OpenServer\domains\localhost\demoapp\protected\controllers\SiteController.php(95): LoginModel->login()
#3 C:\OpenServer\domains\localhost\demoapp\framework\web\actions\CInlineAction.php(49): SiteController->actionLogin()
#4 C:\OpenServer\domains\localhost\demoapp\framework\web\CController.php(308): CInlineAction->runWithParams()
#5 C:\OpenServer\domains\localhost\demoapp\framework\web\CController.php(286): SiteController->runAction()
#6 C:\OpenServer\domains\localhost\demoapp\framework\web\CController.php(265): SiteController->runActionWithFilters()
#7 C:\OpenServer\domains\localhost\demoapp\framework\web\CWebApplication.php(282): SiteController->run()
#8 C:\OpenServer\domains\localhost\demoapp\framework\web\CWebApplication.php(141): CWebApplication->runController()
#9 C:\OpenServer\domains\localhost\demoapp\framework\base\CApplication.php(185): CWebApplication->processRequest()
#10 C:\OpenServer\domains\localhost\demoapp\index.php(13): CWebApplication->run()
REQUEST_URI=/index.php?r=site/login&hashString=$2y$13$nUvKzoYePI7ln4s4WPRSdOmkAEM5iZ9i7HoEBOgbxrgxl8ETdH0OG$2y$13$zAi5FMo3EEMy.U7wkxJG2uusTOOGTRfLjF0jzPoTDnGt2SY/sBgTW&email=azat.kabirov89@yandex.ru
in C:\OpenServer\domains\localhost\demoapp\protected\models\LoginModel.php (58)
in C:\OpenServer\domains\localhost\demoapp\protected\controllers\SiteController.php (95)
in C:\OpenServer\domains\localhost\demoapp\index.php (13)
2017/09/11 05:07:41 [warning] [application] Failed to set unsafe attribute "r" of "LoginModel".
in C:\OpenServer\domains\localhost\demoapp\protected\controllers\SiteController.php (92)
in C:\OpenServer\domains\localhost\demoapp\index.php (13)
2017/09/11 05:07:42 [error] [php] session_regenerate_id() [<a href='function.session-regenerate-id'>function.session-regenerate-id</a>]: Cannot regenerate session id - headers already sent (C:\OpenServer\domains\localhost\demoapp\framework\web\CHttpSession.php:184)
Stack trace:
#0 C:\OpenServer\domains\localhost\demoapp\framework\web\auth\CWebUser.php(235): CWebUser->changeIdentity()
#1 C:\OpenServer\domains\localhost\demoapp\protected\models\LoginModel.php(58): CWebUser->login()
#2 C:\OpenServer\domains\localhost\demoapp\protected\controllers\SiteController.php(95): LoginModel->login()
#3 C:\OpenServer\domains\localhost\demoapp\framework\web\actions\CInlineAction.php(49): SiteController->actionLogin()
#4 C:\OpenServer\domains\localhost\demoapp\framework\web\CController.php(308): CInlineAction->runWithParams()
#5 C:\OpenServer\domains\localhost\demoapp\framework\web\CController.php(286): SiteController->runAction()
#6 C:\OpenServer\domains\localhost\demoapp\framework\web\CController.php(265): SiteController->runActionWithFilters()
#7 C:\OpenServer\domains\localhost\demoapp\framework\web\CWebApplication.php(282): SiteController->run()
#8 C:\OpenServer\domains\localhost\demoapp\framework\web\CWebApplication.php(141): CWebApplication->runController()
#9 C:\OpenServer\domains\localhost\demoapp\framework\base\CApplication.php(185): CWebApplication->processRequest()
#10 C:\OpenServer\domains\localhost\demoapp\index.php(13): CWebApplication->run()
REQUEST_URI=/index.php?r=site/login&hashString=$2y$13$nUvKzoYePI7ln4s4WPRSdOmkAEM5iZ9i7HoEBOgbxrgxl8ETdH0OG$2y$13$zAi5FMo3EEMy.U7wkxJG2uusTOOGTRfLjF0jzPoTDnGt2SY/sBgTW&email=azat.kabirov89@yandex.ru
in C:\OpenServer\domains\localhost\demoapp\protected\models\LoginModel.php (58)
in C:\OpenServer\domains\localhost\demoapp\protected\controllers\SiteController.php (95)
in C:\OpenServer\domains\localhost\demoapp\index.php (13)
2017/09/11 05:09:10 [warning] [application] Failed to set unsafe attribute "r" of "LoginModel".
in C:\OpenServer\domains\localhost\demoapp\protected\controllers\SiteController.php (92)
in C:\OpenServer\domains\localhost\demoapp\index.php (13)
2017/09/11 05:09:12 [error] [php] session_regenerate_id() [<a href='function.session-regenerate-id'>function.session-regenerate-id</a>]: Cannot regenerate session id - headers already sent (C:\OpenServer\domains\localhost\demoapp\framework\web\CHttpSession.php:184)
Stack trace:
#0 C:\OpenServer\domains\localhost\demoapp\framework\web\auth\CWebUser.php(235): CWebUser->changeIdentity()
#1 C:\OpenServer\domains\localhost\demoapp\protected\models\LoginModel.php(58): CWebUser->login()
#2 C:\OpenServer\domains\localhost\demoapp\protected\controllers\SiteController.php(95): LoginModel->login()
#3 C:\OpenServer\domains\localhost\demoapp\framework\web\actions\CInlineAction.php(49): SiteController->actionLogin()
#4 C:\OpenServer\domains\localhost\demoapp\framework\web\CController.php(308): CInlineAction->runWithParams()
#5 C:\OpenServer\domains\localhost\demoapp\framework\web\CController.php(286): SiteController->runAction()
#6 C:\OpenServer\domains\localhost\demoapp\framework\web\CController.php(265): SiteController->runActionWithFilters()
#7 C:\OpenServer\domains\localhost\demoapp\framework\web\CWebApplication.php(282): SiteController->run()
#8 C:\OpenServer\domains\localhost\demoapp\framework\web\CWebApplication.php(141): CWebApplication->runController()
#9 C:\OpenServer\domains\localhost\demoapp\framework\base\CApplication.php(185): CWebApplication->processRequest()
#10 C:\OpenServer\domains\localhost\demoapp\index.php(13): CWebApplication->run()
REQUEST_URI=/index.php?r=site/login&hashString=$2y$13$nUvKzoYePI7ln4s4WPRSdOmkAEM5iZ9i7HoEBOgbxrgxl8ETdH0OG$2y$13$zAi5FMo3EEMy.U7wkxJG2uusTOOGTRfLjF0jzPoTDnGt2SY/sBgTW&email=azat.kabirov89@yandex.ru
in C:\OpenServer\domains\localhost\demoapp\protected\models\LoginModel.php (58)
in C:\OpenServer\domains\localhost\demoapp\protected\controllers\SiteController.php (95)
in C:\OpenServer\domains\localhost\demoapp\index.php (13)
2017/09/11 05:09:29 [warning] [application] Failed to set unsafe attribute "r" of "LoginModel".
in C:\OpenServer\domains\localhost\demoapp\protected\controllers\SiteController.php (92)
in C:\OpenServer\domains\localhost\demoapp\index.php (13)
2017/09/11 05:09:30 [error] [php] session_regenerate_id() [<a href='function.session-regenerate-id'>function.session-regenerate-id</a>]: Cannot regenerate session id - headers already sent (C:\OpenServer\domains\localhost\demoapp\framework\web\CHttpSession.php:184)
Stack trace:
#0 C:\OpenServer\domains\localhost\demoapp\framework\web\auth\CWebUser.php(235): CWebUser->changeIdentity()
#1 C:\OpenServer\domains\localhost\demoapp\protected\models\LoginModel.php(58): CWebUser->login()
#2 C:\OpenServer\domains\localhost\demoapp\protected\controllers\SiteController.php(95): LoginModel->login()
#3 C:\OpenServer\domains\localhost\demoapp\framework\web\actions\CInlineAction.php(49): SiteController->actionLogin()
#4 C:\OpenServer\domains\localhost\demoapp\framework\web\CController.php(308): CInlineAction->runWithParams()
#5 C:\OpenServer\domains\localhost\demoapp\framework\web\CController.php(286): SiteController->runAction()
#6 C:\OpenServer\domains\localhost\demoapp\framework\web\CController.php(265): SiteController->runActionWithFilters()
#7 C:\OpenServer\domains\localhost\demoapp\framework\web\CWebApplication.php(282): SiteController->run()
#8 C:\OpenServer\domains\localhost\demoapp\framework\web\CWebApplication.php(141): CWebApplication->runController()
#9 C:\OpenServer\domains\localhost\demoapp\framework\base\CApplication.php(185): CWebApplication->processRequest()
#10 C:\OpenServer\domains\localhost\demoapp\index.php(13): CWebApplication->run()
REQUEST_URI=/index.php?r=site/login&hashString=$2y$13$nUvKzoYePI7ln4s4WPRSdOmkAEM5iZ9i7HoEBOgbxrgxl8ETdH0OG$2y$13$zAi5FMo3EEMy.U7wkxJG2uusTOOGTRfLjF0jzPoTDnGt2SY/sBgTW&email=azat.kabirov89@yandex.ru
in C:\OpenServer\domains\localhost\demoapp\protected\models\LoginModel.php (58)
in C:\OpenServer\domains\localhost\demoapp\protected\controllers\SiteController.php (95)
in C:\OpenServer\domains\localhost\demoapp\index.php (13)
2017/09/11 05:11:03 [warning] [application] Failed to set unsafe attribute "r" of "LoginModel".
in C:\OpenServer\domains\localhost\demoapp\protected\controllers\SiteController.php (92)
in C:\OpenServer\domains\localhost\demoapp\index.php (13)
2017/09/11 05:11:05 [error] [php] session_regenerate_id() [<a href='function.session-regenerate-id'>function.session-regenerate-id</a>]: Cannot regenerate session id - headers already sent (C:\OpenServer\domains\localhost\demoapp\framework\web\CHttpSession.php:184)
Stack trace:
#0 C:\OpenServer\domains\localhost\demoapp\framework\web\auth\CWebUser.php(235): CWebUser->changeIdentity()
#1 C:\OpenServer\domains\localhost\demoapp\protected\models\LoginModel.php(58): CWebUser->login()
#2 C:\OpenServer\domains\localhost\demoapp\protected\controllers\SiteController.php(95): LoginModel->login()
#3 C:\OpenServer\domains\localhost\demoapp\framework\web\actions\CInlineAction.php(49): SiteController->actionLogin()
#4 C:\OpenServer\domains\localhost\demoapp\framework\web\CController.php(308): CInlineAction->runWithParams()
#5 C:\OpenServer\domains\localhost\demoapp\framework\web\CController.php(286): SiteController->runAction()
#6 C:\OpenServer\domains\localhost\demoapp\framework\web\CController.php(265): SiteController->runActionWithFilters()
#7 C:\OpenServer\domains\localhost\demoapp\framework\web\CWebApplication.php(282): SiteController->run()
#8 C:\OpenServer\domains\localhost\demoapp\framework\web\CWebApplication.php(141): CWebApplication->runController()
#9 C:\OpenServer\domains\localhost\demoapp\framework\base\CApplication.php(185): CWebApplication->processRequest()
#10 C:\OpenServer\domains\localhost\demoapp\index.php(13): CWebApplication->run()
REQUEST_URI=/index.php?r=site/login&hashString=$2y$13$nUvKzoYePI7ln4s4WPRSdOmkAEM5iZ9i7HoEBOgbxrgxl8ETdH0OG$2y$13$zAi5FMo3EEMy.U7wkxJG2uusTOOGTRfLjF0jzPoTDnGt2SY/sBgTW&email=azat.kabirov89@yandex.ru
in C:\OpenServer\domains\localhost\demoapp\protected\models\LoginModel.php (58)
in C:\OpenServer\domains\localhost\demoapp\protected\controllers\SiteController.php (95)
in C:\OpenServer\domains\localhost\demoapp\index.php (13)
2017/09/11 05:14:03 [warning] [application] Failed to set unsafe attribute "r" of "LoginModel".
in C:\OpenServer\domains\localhost\demoapp\protected\controllers\SiteController.php (92)
in C:\OpenServer\domains\localhost\demoapp\index.php (13)
2017/09/11 05:14:05 [error] [exception.CException] exception 'CException' with message 'Users and its behaviors do not have a method or closure named "errorSummary".' in C:\OpenServer\domains\localhost\demoapp\framework\base\CComponent.php:266
Stack trace:
#0 C:\OpenServer\domains\localhost\demoapp\framework\db\ar\CActiveRecord.php(229): CComponent->__call('errorSummary', Array)
#1 C:\OpenServer\domains\localhost\demoapp\protected\components\UserIdentity.php(69): CActiveRecord->__call('errorSummary', Array)
#2 C:\OpenServer\domains\localhost\demoapp\protected\components\UserIdentity.php(69): Users->errorSummary(Object(Users))
#3 C:\OpenServer\domains\localhost\demoapp\protected\models\LoginModel.php(53): UserIdentity->authenticate()
#4 C:\OpenServer\domains\localhost\demoapp\protected\controllers\SiteController.php(95): LoginModel->login()
#5 C:\OpenServer\domains\localhost\demoapp\framework\web\actions\CInlineAction.php(49): SiteController->actionLogin()
#6 C:\OpenServer\domains\localhost\demoapp\framework\web\CController.php(308): CInlineAction->runWithParams(Array)
#7 C:\OpenServer\domains\localhost\demoapp\framework\web\CController.php(286): CController->runAction(Object(CInlineAction))
#8 C:\OpenServer\domains\localhost\demoapp\framework\web\CController.php(265): CController->runActionWithFilters(Object(CInlineAction), Array)
#9 C:\OpenServer\domains\localhost\demoapp\framework\web\CWebApplication.php(282): CController->run('login')
#10 C:\OpenServer\domains\localhost\demoapp\framework\web\CWebApplication.php(141): CWebApplication->runController('site/login')
#11 C:\OpenServer\domains\localhost\demoapp\framework\base\CApplication.php(185): CWebApplication->processRequest()
#12 C:\OpenServer\domains\localhost\demoapp\index.php(13): CApplication->run()
#13 {main}
REQUEST_URI=/index.php?r=site/login&hashString=$2y$13$nUvKzoYePI7ln4s4WPRSdOmkAEM5iZ9i7HoEBOgbxrgxl8ETdH0OG$2y$13$zAi5FMo3EEMy.U7wkxJG2uusTOOGTRfLjF0jzPoTDnGt2SY/sBgTW&email=azat.kabirov89@yandex.ru
---
2017/09/11 05:15:25 [warning] [application] Failed to set unsafe attribute "r" of "LoginModel".
in C:\OpenServer\domains\localhost\demoapp\protected\controllers\SiteController.php (92)
in C:\OpenServer\domains\localhost\demoapp\index.php (13)
2017/09/11 05:15:26 [error] [exception.CException] exception 'CException' with message 'Users and its behaviors do not have a method or closure named "errorSummary".' in C:\OpenServer\domains\localhost\demoapp\framework\base\CComponent.php:266
Stack trace:
#0 C:\OpenServer\domains\localhost\demoapp\framework\db\ar\CActiveRecord.php(229): CComponent->__call('errorSummary', Array)
#1 C:\OpenServer\domains\localhost\demoapp\protected\components\UserIdentity.php(59): CActiveRecord->__call('errorSummary', Array)
#2 C:\OpenServer\domains\localhost\demoapp\protected\components\UserIdentity.php(59): Users->errorSummary(Object(Users))
#3 C:\OpenServer\domains\localhost\demoapp\protected\models\LoginModel.php(53): UserIdentity->authenticate()
#4 C:\OpenServer\domains\localhost\demoapp\protected\controllers\SiteController.php(95): LoginModel->login()
#5 C:\OpenServer\domains\localhost\demoapp\framework\web\actions\CInlineAction.php(49): SiteController->actionLogin()
#6 C:\OpenServer\domains\localhost\demoapp\framework\web\CController.php(308): CInlineAction->runWithParams(Array)
#7 C:\OpenServer\domains\localhost\demoapp\framework\web\CController.php(286): CController->runAction(Object(CInlineAction))
#8 C:\OpenServer\domains\localhost\demoapp\framework\web\CController.php(265): CController->runActionWithFilters(Object(CInlineAction), Array)
#9 C:\OpenServer\domains\localhost\demoapp\framework\web\CWebApplication.php(282): CController->run('login')
#10 C:\OpenServer\domains\localhost\demoapp\framework\web\CWebApplication.php(141): CWebApplication->runController('site/login')
#11 C:\OpenServer\domains\localhost\demoapp\framework\base\CApplication.php(185): CWebApplication->processRequest()
#12 C:\OpenServer\domains\localhost\demoapp\index.php(13): CApplication->run()
#13 {main}
REQUEST_URI=/index.php?r=site/login&hashString=$2y$13$nUvKzoYePI7ln4s4WPRSdOmkAEM5iZ9i7HoEBOgbxrgxl8ETdH0OG$2y$13$zAi5FMo3EEMy.U7wkxJG2uusTOOGTRfLjF0jzPoTDnGt2SY/sBgTW&email=azat.kabirov89@yandex.ru
---
2017/09/11 05:15:45 [warning] [application] Failed to set unsafe attribute "r" of "LoginModel".
in C:\OpenServer\domains\localhost\demoapp\protected\controllers\SiteController.php (92)
in C:\OpenServer\domains\localhost\demoapp\index.php (13)
2017/09/11 05:15:47 [error] [php] Cannot modify header information - headers already sent by (output started at C:\OpenServer\domains\localhost\demoapp\protected\controllers\SiteController.php:95) (C:\OpenServer\domains\localhost\demoapp\framework\web\CHttpRequest.php:889)
Stack trace:
#0 C:\OpenServer\domains\localhost\demoapp\protected\controllers\SiteController.php(100): SiteController->redirect()
#1 C:\OpenServer\domains\localhost\demoapp\framework\web\actions\CInlineAction.php(49): SiteController->actionLogin()
#2 C:\OpenServer\domains\localhost\demoapp\framework\web\CController.php(308): CInlineAction->runWithParams()
#3 C:\OpenServer\domains\localhost\demoapp\framework\web\CController.php(286): SiteController->runAction()
#4 C:\OpenServer\domains\localhost\demoapp\framework\web\CController.php(265): SiteController->runActionWithFilters()
#5 C:\OpenServer\domains\localhost\demoapp\framework\web\CWebApplication.php(282): SiteController->run()
#6 C:\OpenServer\domains\localhost\demoapp\framework\web\CWebApplication.php(141): CWebApplication->runController()
#7 C:\OpenServer\domains\localhost\demoapp\framework\base\CApplication.php(185): CWebApplication->processRequest()
#8 C:\OpenServer\domains\localhost\demoapp\index.php(13): CWebApplication->run()
REQUEST_URI=/index.php?r=site/login&hashString=$2y$13$nUvKzoYePI7ln4s4WPRSdOmkAEM5iZ9i7HoEBOgbxrgxl8ETdH0OG$2y$13$zAi5FMo3EEMy.U7wkxJG2uusTOOGTRfLjF0jzPoTDnGt2SY/sBgTW&email=azat.kabirov89@yandex.ru
in C:\OpenServer\domains\localhost\demoapp\protected\controllers\SiteController.php (100)
in C:\OpenServer\domains\localhost\demoapp\index.php (13)
2017/09/11 05:16:31 [warning] [application] Failed to set unsafe attribute "r" of "LoginModel".
in C:\OpenServer\domains\localhost\demoapp\protected\controllers\SiteController.php (92)
in C:\OpenServer\domains\localhost\demoapp\index.php (13)
2017/09/11 05:16:58 [warning] [application] Failed to set unsafe attribute "r" of "LoginModel".
in C:\OpenServer\domains\localhost\demoapp\protected\controllers\SiteController.php (92)
in C:\OpenServer\domains\localhost\demoapp\index.php (13)
2017/09/11 05:17:05 [warning] [application] Failed to set unsafe attribute "r" of "LoginModel".
in C:\OpenServer\domains\localhost\demoapp\protected\controllers\SiteController.php (92)
in C:\OpenServer\domains\localhost\demoapp\index.php (13)
2017/09/11 05:17:43 [warning] [application] Failed to set unsafe attribute "r" of "LoginModel".
in C:\OpenServer\domains\localhost\demoapp\protected\controllers\SiteController.php (92)
in C:\OpenServer\domains\localhost\demoapp\index.php (13)
2017/09/11 05:20:41 [warning] [application] Failed to set unsafe attribute "r" of "LoginModel".
in C:\OpenServer\domains\localhost\demoapp\protected\controllers\SiteController.php (92)
in C:\OpenServer\domains\localhost\demoapp\index.php (13)
2017/09/11 05:59:12 [warning] [application] Failed to set unsafe attribute "r" of "LoginModel".
in C:\OpenServer\domains\localhost\demoapp\protected\controllers\SiteController.php (68)
in C:\OpenServer\domains\localhost\demoapp\index.php (13)
2017/09/11 06:01:32 [warning] [application] Failed to set unsafe attribute "r" of "LoginModel".
in C:\OpenServer\domains\localhost\demoapp\protected\controllers\SiteController.php (68)
in C:\OpenServer\domains\localhost\demoapp\index.php (13)
2017/09/11 06:04:29 [warning] [application] Failed to set unsafe attribute "r" of "LoginModel".
in C:\OpenServer\domains\localhost\demoapp\protected\controllers\SiteController.php (68)
in C:\OpenServer\domains\localhost\demoapp\index.php (13)
2017/09/11 06:04:47 [warning] [application] Failed to set unsafe attribute "r" of "LoginModel".
in C:\OpenServer\domains\localhost\demoapp\protected\controllers\SiteController.php (68)
in C:\OpenServer\domains\localhost\demoapp\index.php (13)
2017/09/11 06:06:16 [warning] [application] Failed to set unsafe attribute "r" of "LoginModel".
in C:\OpenServer\domains\localhost\demoapp\protected\controllers\SiteController.php (68)
in C:\OpenServer\domains\localhost\demoapp\index.php (13)
2017/09/11 07:16:21 [error] [php] Creating default object from empty value (C:\OpenServer\domains\localhost\demoapp\protected\controllers\ApiController.php:35)
Stack trace:
#0 C:\OpenServer\domains\localhost\demoapp\framework\web\CController.php(286): ApiController->runAction()
#1 C:\OpenServer\domains\localhost\demoapp\framework\web\CController.php(265): ApiController->runActionWithFilters()
#2 C:\OpenServer\domains\localhost\demoapp\framework\web\CWebApplication.php(282): ApiController->run()
#3 C:\OpenServer\domains\localhost\demoapp\framework\web\CWebApplication.php(141): CWebApplication->runController()
#4 C:\OpenServer\domains\localhost\demoapp\framework\base\CApplication.php(185): CWebApplication->processRequest()
#5 C:\OpenServer\domains\localhost\demoapp\index.php(13): CWebApplication->run()
REQUEST_URI=/index.php?r=api/index&apiKey=$2y$13$Kc89qEwDYzb0AAjcaaFXC.2aU2WofaeDV39plDeAK4ZaKGBDJd1Du$2y$13$8z/iGVvIyF44fQtCpkPUG.97MSYgJByFS7y7d2c3ZyzpL5/iXc/qK$2y$13$U71YxG1n1KlfYchIk/NA/.lKtFERcTvAf/oJc6HabK3uBn1cZjy7m&operation=WOFFB&value=10.09
in C:\OpenServer\domains\localhost\demoapp\protected\controllers\ApiController.php (35)
in C:\OpenServer\domains\localhost\demoapp\index.php (13)
2017/09/11 07:17:33 [error] [php] Creating default object from empty value (C:\OpenServer\domains\localhost\demoapp\protected\controllers\ApiController.php:35)
Stack trace:
#0 C:\OpenServer\domains\localhost\demoapp\framework\web\CController.php(286): ApiController->runAction()
#1 C:\OpenServer\domains\localhost\demoapp\framework\web\CController.php(265): ApiController->runActionWithFilters()
#2 C:\OpenServer\domains\localhost\demoapp\framework\web\CWebApplication.php(282): ApiController->run()
#3 C:\OpenServer\domains\localhost\demoapp\framework\web\CWebApplication.php(141): CWebApplication->runController()
#4 C:\OpenServer\domains\localhost\demoapp\framework\base\CApplication.php(185): CWebApplication->processRequest()
#5 C:\OpenServer\domains\localhost\demoapp\index.php(13): CWebApplication->run()
REQUEST_URI=/index.php?r=api/index&apiKey=$2y$13$Kc89qEwDYzb0AAjcaaFXC.2aU2WofaeDV39plDeAK4ZaKGBDJd1Du$2y$13$8z/iGVvIyF44fQtCpkPUG.97MSYgJByFS7y7d2c3ZyzpL5/iXc/qK$2y$13$U71YxG1n1KlfYchIk/NA/.lKtFERcTvAf/oJc6HabK3uBn1cZjy7m&operation=WOFFB&value=10.09
in C:\OpenServer\domains\localhost\demoapp\protected\controllers\ApiController.php (35)
in C:\OpenServer\domains\localhost\demoapp\index.php (13)
2017/09/11 07:17:47 [warning] [application] Failed to set unsafe attribute "r" of "API".
in C:\OpenServer\domains\localhost\demoapp\protected\controllers\ApiController.php (35)
in C:\OpenServer\domains\localhost\demoapp\index.php (13)
2017/09/11 07:17:47 [error] [exception.CException] exception 'CException' with message 'Property "Users.apiKey" is not defined.' in C:\OpenServer\domains\localhost\demoapp\framework\base\CComponent.php:130
Stack trace:
#0 C:\OpenServer\domains\localhost\demoapp\framework\db\ar\CActiveRecord.php(145): CComponent->__get('apiKey')
#1 C:\OpenServer\domains\localhost\demoapp\protected\models\Api.php(54): CActiveRecord->__get('apiKey')
#2 C:\OpenServer\domains\localhost\demoapp\protected\controllers\ApiController.php(39): API->keyIsValid()
#3 C:\OpenServer\domains\localhost\demoapp\framework\web\actions\CInlineAction.php(49): ApiController->actionIndex()
#4 C:\OpenServer\domains\localhost\demoapp\framework\web\CController.php(308): CInlineAction->runWithParams(Array)
#5 C:\OpenServer\domains\localhost\demoapp\framework\web\CController.php(286): CController->runAction(Object(CInlineAction))
#6 C:\OpenServer\domains\localhost\demoapp\framework\web\CController.php(265): CController->runActionWithFilters(Object(CInlineAction), Array)
#7 C:\OpenServer\domains\localhost\demoapp\framework\web\CWebApplication.php(282): CController->run('index')
#8 C:\OpenServer\domains\localhost\demoapp\framework\web\CWebApplication.php(141): CWebApplication->runController('api/index')
#9 C:\OpenServer\domains\localhost\demoapp\framework\base\CApplication.php(185): CWebApplication->processRequest()
#10 C:\OpenServer\domains\localhost\demoapp\index.php(13): CApplication->run()
#11 {main}
REQUEST_URI=/index.php?r=api/index&apiKey=$2y$13$Kc89qEwDYzb0AAjcaaFXC.2aU2WofaeDV39plDeAK4ZaKGBDJd1Du$2y$13$8z/iGVvIyF44fQtCpkPUG.97MSYgJByFS7y7d2c3ZyzpL5/iXc/qK$2y$13$U71YxG1n1KlfYchIk/NA/.lKtFERcTvAf/oJc6HabK3uBn1cZjy7m&operation=WOFFB&value=10.09
---
2017/09/11 07:18:39 [warning] [application] Failed to set unsafe attribute "r" of "API".
in C:\OpenServer\domains\localhost\demoapp\protected\controllers\ApiController.php (35)
in C:\OpenServer\domains\localhost\demoapp\index.php (13)
2017/09/11 07:18:42 [warning] [application] Failed to set unsafe attribute "r" of "API".
in C:\OpenServer\domains\localhost\demoapp\protected\controllers\ApiController.php (35)
in C:\OpenServer\domains\localhost\demoapp\index.php (13)
2017/09/11 07:19:46 [warning] [application] Failed to set unsafe attribute "r" of "API".
in C:\OpenServer\domains\localhost\demoapp\protected\controllers\ApiController.php (35)
in C:\OpenServer\domains\localhost\demoapp\index.php (13)
2017/09/11 07:20:01 [warning] [application] Failed to set unsafe attribute "r" of "API".
in C:\OpenServer\domains\localhost\demoapp\protected\controllers\ApiController.php (35)
in C:\OpenServer\domains\localhost\demoapp\index.php (13)
2017/09/11 07:20:27 [warning] [application] Failed to set unsafe attribute "r" of "API".
in C:\OpenServer\domains\localhost\demoapp\protected\controllers\ApiController.php (35)
in C:\OpenServer\domains\localhost\demoapp\index.php (13)
2017/09/11 07:21:07 [warning] [application] Failed to set unsafe attribute "r" of "API".
in C:\OpenServer\domains\localhost\demoapp\protected\controllers\ApiController.php (35)
in C:\OpenServer\domains\localhost\demoapp\index.php (13)
2017/09/11 07:21:32 [warning] [application] Failed to set unsafe attribute "r" of "API".
in C:\OpenServer\domains\localhost\demoapp\protected\controllers\ApiController.php (35)
in C:\OpenServer\domains\localhost\demoapp\index.php (13)
2017/09/11 07:21:38 [warning] [application] Failed to set unsafe attribute "r" of "API".
in C:\OpenServer\domains\localhost\demoapp\protected\controllers\ApiController.php (35)
in C:\OpenServer\domains\localhost\demoapp\index.php (13)
2017/09/11 07:21:52 [warning] [application] Failed to set unsafe attribute "r" of "API".
in C:\OpenServer\domains\localhost\demoapp\protected\controllers\ApiController.php (35)
in C:\OpenServer\domains\localhost\demoapp\index.php (13)
2017/09/11 07:22:30 [warning] [application] Failed to set unsafe attribute "r" of "API".
in C:\OpenServer\domains\localhost\demoapp\protected\controllers\ApiController.php (35)
in C:\OpenServer\domains\localhost\demoapp\index.php (13)
2017/09/11 07:23:44 [warning] [application] Failed to set unsafe attribute "r" of "API".
in C:\OpenServer\domains\localhost\demoapp\protected\controllers\ApiController.php (35)
in C:\OpenServer\domains\localhost\demoapp\index.php (13)
2017/09/11 07:23:44 [error] [exception.CException] exception 'CException' with message 'Property "API.userId" is not defined.' in C:\OpenServer\domains\localhost\demoapp\framework\base\CComponent.php:130
Stack trace:
#0 C:\OpenServer\domains\localhost\demoapp\protected\models\Api.php(95): CComponent->__get('userId')
#1 C:\OpenServer\domains\localhost\demoapp\protected\models\Api.php(74): API->WRITE_OFF_BALANCE()
#2 C:\OpenServer\domains\localhost\demoapp\protected\controllers\ApiController.php(43): API->execOperation()
#3 C:\OpenServer\domains\localhost\demoapp\framework\web\actions\CInlineAction.php(49): ApiController->actionIndex()
#4 C:\OpenServer\domains\localhost\demoapp\framework\web\CController.php(308): CInlineAction->runWithParams(Array)
#5 C:\OpenServer\domains\localhost\demoapp\framework\web\CController.php(286): CController->runAction(Object(CInlineAction))
#6 C:\OpenServer\domains\localhost\demoapp\framework\web\CController.php(265): CController->runActionWithFilters(Object(CInlineAction), Array)
#7 C:\OpenServer\domains\localhost\demoapp\framework\web\CWebApplication.php(282): CController->run('index')
#8 C:\OpenServer\domains\localhost\demoapp\framework\web\CWebApplication.php(141): CWebApplication->runController('api/index')
#9 C:\OpenServer\domains\localhost\demoapp\framework\base\CApplication.php(185): CWebApplication->processRequest()
#10 C:\OpenServer\domains\localhost\demoapp\index.php(13): CApplication->run()
#11 {main}
REQUEST_URI=/index.php?r=api/index&apiKey=$2y$13$Kc89qEwDYzb0AAjcaaFXC.2aU2WofaeDV39plDeAK4ZaKGBDJd1Du$2y$13$8z/iGVvIyF44fQtCpkPUG.97MSYgJByFS7y7d2c3ZyzpL5/iXc/qK$2y$13$U71YxG1n1KlfYchIk/NA/.lKtFERcTvAf/oJc6HabK3uBn1cZjy7m&operation=WOFFB&value=10.09
---
2017/09/11 07:24:10 [warning] [application] Failed to set unsafe attribute "r" of "API".
in C:\OpenServer\domains\localhost\demoapp\protected\controllers\ApiController.php (35)
in C:\OpenServer\domains\localhost\demoapp\index.php (13)
2017/09/11 07:24:32 [warning] [application] Failed to set unsafe attribute "r" of "API".
in C:\OpenServer\domains\localhost\demoapp\protected\controllers\ApiController.php (35)
in C:\OpenServer\domains\localhost\demoapp\index.php (13)
2017/09/11 07:24:46 [warning] [application] Failed to set unsafe attribute "r" of "API".
in C:\OpenServer\domains\localhost\demoapp\protected\controllers\ApiController.php (35)
in C:\OpenServer\domains\localhost\demoapp\index.php (13)
2017/09/11 07:26:22 [warning] [application] Failed to set unsafe attribute "r" of "API".
in C:\OpenServer\domains\localhost\demoapp\protected\controllers\ApiController.php (35)
in C:\OpenServer\domains\localhost\demoapp\index.php (13)
2017/09/11 07:26:32 [warning] [application] Failed to set unsafe attribute "r" of "API".
in C:\OpenServer\domains\localhost\demoapp\protected\controllers\ApiController.php (35)
in C:\OpenServer\domains\localhost\demoapp\index.php (13)
